<?xml version="1.0" encoding="UTF-8"?>
<!-- Generated by org.testng.reporters.JUnitReportReporter -->
<testsuite hostname="vamsiraji" failures="0" tests="5" name="com.runners.Runner" time="35.457" errors="0" timestamp="2022-05-30T13:39:17 EDT" skipped="0">
  <testcase classname="com.runners.Runner" name="runScenario" time="4.979"/>
  <system-out/>
  <testcase classname="com.runners.Runner" name="runScenario" time="8.341"/>
  <system-out/>
  <testcase classname="com.runners.Runner" name="runScenario" time="4.607"/>
  <system-out/>
  <testcase classname="com.runners.Runner" name="runScenario" time="7.493"/>
  <system-out/>
  <testcase classname="com.runners.Runner" name="runScenario" time="10.037"/>
  <system-out/>
</testsuite> <!-- com.runners.Runner -->
