<?xml version="1.0" encoding="UTF-8"?>
<!-- Generated by org.testng.reporters.JUnitReportReporter -->
<testsuite hostname="vamsiraji" failures="0" tests="5" name="com.runners.Runner" time="36.720" errors="0" timestamp="2022-05-25T22:40:15 EDT" skipped="0">
  <testcase classname="com.runners.Runner" name="runScenario" time="6.446"/>
  <system-out/>
  <testcase classname="com.runners.Runner" name="runScenario" time="8.070"/>
  <system-out/>
  <testcase classname="com.runners.Runner" name="runScenario" time="5.141"/>
  <system-out/>
  <testcase classname="com.runners.Runner" name="runScenario" time="12.028"/>
  <system-out/>
  <testcase classname="com.runners.Runner" name="runScenario" time="5.035"/>
  <system-out/>
</testsuite> <!-- com.runners.Runner -->
